<?xml version="1.0" encoding="UTF-8"?>
<testsuite xmlns:xsi="http://www.w3.org/2001/XMLSchema-instance" xsi:noNamespaceSchemaLocation="https://maven.apache.org/surefire/maven-surefire-plugin/xsd/surefire-test-report.xsd" name="com.example.demo.DemoApplicationTests" time="3.777" tests="1" errors="0" skipped="0" failures="0">
  <properties>
    <property name="sun.desktop" value="windows"/>
    <property name="awt.toolkit" value="sun.awt.windows.WToolkit"/>
    <property name="file.encoding.pkg" value="sun.io"/>
    <property name="java.specification.version" value="1.8"/>
    <property name="sun.cpu.isalist" value="amd64"/>
    <property name="sun.jnu.encoding" value="GBK"/>
    <property name="java.class.path" value="F:\SpringBoot\demo\target\test-classes;F:\SpringBoot\demo\target\classes;D:\maven\maven-repository\org\springframework\boot\spring-boot-starter-web\2.5.9\spring-boot-starter-web-2.5.9.jar;D:\maven\maven-repository\org\springframework\boot\spring-boot-starter\2.5.9\spring-boot-starter-2.5.9.jar;D:\maven\maven-repository\org\springframework\boot\spring-boot\2.5.9\spring-boot-2.5.9.jar;D:\maven\maven-repository\org\springframework\boot\spring-boot-autoconfigure\2.5.9\spring-boot-autoconfigure-2.5.9.jar;D:\maven\maven-repository\org\springframework\boot\spring-boot-starter-logging\2.5.9\spring-boot-starter-logging-2.5.9.jar;D:\maven\maven-repository\ch\qos\logback\logback-classic\1.2.10\logback-classic-1.2.10.jar;D:\maven\maven-repository\ch\qos\logback\logback-core\1.2.10\logback-core-1.2.10.jar;D:\maven\maven-repository\org\apache\logging\log4j\log4j-to-slf4j\2.17.1\log4j-to-slf4j-2.17.1.jar;D:\maven\maven-repository\org\apache\logging\log4j\log4j-api\2.17.1\log4j-api-2.17.1.jar;D:\maven\maven-repository\org\slf4j\jul-to-slf4j\1.7.33\jul-to-slf4j-1.7.33.jar;D:\maven\maven-repository\jakarta\annotation\jakarta.annotation-api\1.3.5\jakarta.annotation-api-1.3.5.jar;D:\maven\maven-repository\org\yaml\snakeyaml\1.28\snakeyaml-1.28.jar;D:\maven\maven-repository\org\springframework\boot\spring-boot-starter-json\2.5.9\spring-boot-starter-json-2.5.9.jar;D:\maven\maven-repository\com\fasterxml\jackson\core\jackson-databind\2.12.6\jackson-databind-2.12.6.jar;D:\maven\maven-repository\com\fasterxml\jackson\core\jackson-annotations\2.12.6\jackson-annotations-2.12.6.jar;D:\maven\maven-repository\com\fasterxml\jackson\core\jackson-core\2.12.6\jackson-core-2.12.6.jar;D:\maven\maven-repository\com\fasterxml\jackson\datatype\jackson-datatype-jdk8\2.12.6\jackson-datatype-jdk8-2.12.6.jar;D:\maven\maven-repository\com\fasterxml\jackson\datatype\jackson-datatype-jsr310\2.12.6\jackson-datatype-jsr310-2.12.6.jar;D:\maven\maven-repository\com\fasterxml\jackson\module\jackson-module-parameter-names\2.12.6\jackson-module-parameter-names-2.12.6.jar;D:\maven\maven-repository\org\springframework\boot\spring-boot-starter-tomcat\2.5.9\spring-boot-starter-tomcat-2.5.9.jar;D:\maven\maven-repository\org\apache\tomcat\embed\tomcat-embed-core\9.0.56\tomcat-embed-core-9.0.56.jar;D:\maven\maven-repository\org\apache\tomcat\embed\tomcat-embed-el\9.0.56\tomcat-embed-el-9.0.56.jar;D:\maven\maven-repository\org\apache\tomcat\embed\tomcat-embed-websocket\9.0.56\tomcat-embed-websocket-9.0.56.jar;D:\maven\maven-repository\org\springframework\spring-web\5.3.15\spring-web-5.3.15.jar;D:\maven\maven-repository\org\springframework\spring-beans\5.3.15\spring-beans-5.3.15.jar;D:\maven\maven-repository\org\springframework\spring-webmvc\5.3.15\spring-webmvc-5.3.15.jar;D:\maven\maven-repository\org\springframework\spring-aop\5.3.15\spring-aop-5.3.15.jar;D:\maven\maven-repository\org\springframework\spring-context\5.3.15\spring-context-5.3.15.jar;D:\maven\maven-repository\org\springframework\spring-expression\5.3.15\spring-expression-5.3.15.jar;D:\maven\maven-repository\org\springframework\boot\spring-boot-starter-test\2.5.9\spring-boot-starter-test-2.5.9.jar;D:\maven\maven-repository\org\springframework\boot\spring-boot-test\2.5.9\spring-boot-test-2.5.9.jar;D:\maven\maven-repository\org\springframework\boot\spring-boot-test-autoconfigure\2.5.9\spring-boot-test-autoconfigure-2.5.9.jar;D:\maven\maven-repository\com\jayway\jsonpath\json-path\2.5.0\json-path-2.5.0.jar;D:\maven\maven-repository\net\minidev\json-smart\2.4.7\json-smart-2.4.7.jar;D:\maven\maven-repository\net\minidev\accessors-smart\2.4.7\accessors-smart-2.4.7.jar;D:\maven\maven-repository\org\ow2\asm\asm\9.1\asm-9.1.jar;D:\maven\maven-repository\org\slf4j\slf4j-api\1.7.33\slf4j-api-1.7.33.jar;D:\maven\maven-repository\jakarta\xml\bind\jakarta.xml.bind-api\2.3.3\jakarta.xml.bind-api-2.3.3.jar;D:\maven\maven-repository\jakarta\activation\jakarta.activation-api\1.2.2\jakarta.activation-api-1.2.2.jar;D:\maven\maven-repository\org\assertj\assertj-core\3.19.0\assertj-core-3.19.0.jar;D:\maven\maven-repository\org\hamcrest\hamcrest\2.2\hamcrest-2.2.jar;D:\maven\maven-repository\org\junit\jupiter\junit-jupiter\5.7.2\junit-jupiter-5.7.2.jar;D:\maven\maven-repository\org\junit\jupiter\junit-jupiter-api\5.7.2\junit-jupiter-api-5.7.2.jar;D:\maven\maven-repository\org\apiguardian\apiguardian-api\1.1.0\apiguardian-api-1.1.0.jar;D:\maven\maven-repository\org\opentest4j\opentest4j\1.2.0\opentest4j-1.2.0.jar;D:\maven\maven-repository\org\junit\platform\junit-platform-commons\1.7.2\junit-platform-commons-1.7.2.jar;D:\maven\maven-repository\org\junit\jupiter\junit-jupiter-params\5.7.2\junit-jupiter-params-5.7.2.jar;D:\maven\maven-repository\org\junit\jupiter\junit-jupiter-engine\5.7.2\junit-jupiter-engine-5.7.2.jar;D:\maven\maven-repository\org\junit\platform\junit-platform-engine\1.7.2\junit-platform-engine-1.7.2.jar;D:\maven\maven-repository\org\mockito\mockito-core\3.9.0\mockito-core-3.9.0.jar;D:\maven\maven-repository\net\bytebuddy\byte-buddy\1.10.22\byte-buddy-1.10.22.jar;D:\maven\maven-repository\net\bytebuddy\byte-buddy-agent\1.10.22\byte-buddy-agent-1.10.22.jar;D:\maven\maven-repository\org\objenesis\objenesis\3.2\objenesis-3.2.jar;D:\maven\maven-repository\org\mockito\mockito-junit-jupiter\3.9.0\mockito-junit-jupiter-3.9.0.jar;D:\maven\maven-repository\org\skyscreamer\jsonassert\1.5.0\jsonassert-1.5.0.jar;D:\maven\maven-repository\com\vaadin\external\google\android-json\0.0.20131108.vaadin1\android-json-0.0.20131108.vaadin1.jar;D:\maven\maven-repository\org\springframework\spring-core\5.3.15\spring-core-5.3.15.jar;D:\maven\maven-repository\org\springframework\spring-jcl\5.3.15\spring-jcl-5.3.15.jar;D:\maven\maven-repository\org\springframework\spring-test\5.3.15\spring-test-5.3.15.jar;D:\maven\maven-repository\org\xmlunit\xmlunit-core\2.8.4\xmlunit-core-2.8.4.jar;"/>
    <property name="java.vm.vendor" value="Amazon.com Inc."/>
    <property name="sun.arch.data.model" value="64"/>
    <property name="user.variant" value=""/>
    <property name="java.vendor.url" value="https://aws.amazon.com/corretto/"/>
    <property name="user.timezone" value="Asia/Shanghai"/>
    <property name="java.vm.specification.version" value="1.8"/>
    <property name="os.name" value="Windows 10"/>
    <property name="user.country" value="CN"/>
    <property name="sun.java.launcher" value="SUN_STANDARD"/>
    <property name="sun.boot.library.path" value="D:\JAVA\jdk1.8\jre\bin"/>
    <property name="sun.java.command" value="C:\Users\lenovo\AppData\Local\Temp\surefire1014843306157338100\surefirebooter6252387611320544676.jar C:\Users\lenovo\AppData\Local\Temp\surefire1014843306157338100 2023-12-08T11-54-51_504-jvmRun1 surefire9064583863891620278tmp surefire_0198202109255540469tmp"/>
    <property name="surefire.test.class.path" value="F:\SpringBoot\demo\target\test-classes;F:\SpringBoot\demo\target\classes;D:\maven\maven-repository\org\springframework\boot\spring-boot-starter-web\2.5.9\spring-boot-starter-web-2.5.9.jar;D:\maven\maven-repository\org\springframework\boot\spring-boot-starter\2.5.9\spring-boot-starter-2.5.9.jar;D:\maven\maven-repository\org\springframework\boot\spring-boot\2.5.9\spring-boot-2.5.9.jar;D:\maven\maven-repository\org\springframework\boot\spring-boot-autoconfigure\2.5.9\spring-boot-autoconfigure-2.5.9.jar;D:\maven\maven-repository\org\springframework\boot\spring-boot-starter-logging\2.5.9\spring-boot-starter-logging-2.5.9.jar;D:\maven\maven-repository\ch\qos\logback\logback-classic\1.2.10\logback-classic-1.2.10.jar;D:\maven\maven-repository\ch\qos\logback\logback-core\1.2.10\logback-core-1.2.10.jar;D:\maven\maven-repository\org\apache\logging\log4j\log4j-to-slf4j\2.17.1\log4j-to-slf4j-2.17.1.jar;D:\maven\maven-repository\org\apache\logging\log4j\log4j-api\2.17.1\log4j-api-2.17.1.jar;D:\maven\maven-repository\org\slf4j\jul-to-slf4j\1.7.33\jul-to-slf4j-1.7.33.jar;D:\maven\maven-repository\jakarta\annotation\jakarta.annotation-api\1.3.5\jakarta.annotation-api-1.3.5.jar;D:\maven\maven-repository\org\yaml\snakeyaml\1.28\snakeyaml-1.28.jar;D:\maven\maven-repository\org\springframework\boot\spring-boot-starter-json\2.5.9\spring-boot-starter-json-2.5.9.jar;D:\maven\maven-repository\com\fasterxml\jackson\core\jackson-databind\2.12.6\jackson-databind-2.12.6.jar;D:\maven\maven-repository\com\fasterxml\jackson\core\jackson-annotations\2.12.6\jackson-annotations-2.12.6.jar;D:\maven\maven-repository\com\fasterxml\jackson\core\jackson-core\2.12.6\jackson-core-2.12.6.jar;D:\maven\maven-repository\com\fasterxml\jackson\datatype\jackson-datatype-jdk8\2.12.6\jackson-datatype-jdk8-2.12.6.jar;D:\maven\maven-repository\com\fasterxml\jackson\datatype\jackson-datatype-jsr310\2.12.6\jackson-datatype-jsr310-2.12.6.jar;D:\maven\maven-repository\com\fasterxml\jackson\module\jackson-module-parameter-names\2.12.6\jackson-module-parameter-names-2.12.6.jar;D:\maven\maven-repository\org\springframework\boot\spring-boot-starter-tomcat\2.5.9\spring-boot-starter-tomcat-2.5.9.jar;D:\maven\maven-repository\org\apache\tomcat\embed\tomcat-embed-core\9.0.56\tomcat-embed-core-9.0.56.jar;D:\maven\maven-repository\org\apache\tomcat\embed\tomcat-embed-el\9.0.56\tomcat-embed-el-9.0.56.jar;D:\maven\maven-repository\org\apache\tomcat\embed\tomcat-embed-websocket\9.0.56\tomcat-embed-websocket-9.0.56.jar;D:\maven\maven-repository\org\springframework\spring-web\5.3.15\spring-web-5.3.15.jar;D:\maven\maven-repository\org\springframework\spring-beans\5.3.15\spring-beans-5.3.15.jar;D:\maven\maven-repository\org\springframework\spring-webmvc\5.3.15\spring-webmvc-5.3.15.jar;D:\maven\maven-repository\org\springframework\spring-aop\5.3.15\spring-aop-5.3.15.jar;D:\maven\maven-repository\org\springframework\spring-context\5.3.15\spring-context-5.3.15.jar;D:\maven\maven-repository\org\springframework\spring-expression\5.3.15\spring-expression-5.3.15.jar;D:\maven\maven-repository\org\springframework\boot\spring-boot-starter-test\2.5.9\spring-boot-starter-test-2.5.9.jar;D:\maven\maven-repository\org\springframework\boot\spring-boot-test\2.5.9\spring-boot-test-2.5.9.jar;D:\maven\maven-repository\org\springframework\boot\spring-boot-test-autoconfigure\2.5.9\spring-boot-test-autoconfigure-2.5.9.jar;D:\maven\maven-repository\com\jayway\jsonpath\json-path\2.5.0\json-path-2.5.0.jar;D:\maven\maven-repository\net\minidev\json-smart\2.4.7\json-smart-2.4.7.jar;D:\maven\maven-repository\net\minidev\accessors-smart\2.4.7\accessors-smart-2.4.7.jar;D:\maven\maven-repository\org\ow2\asm\asm\9.1\asm-9.1.jar;D:\maven\maven-repository\org\slf4j\slf4j-api\1.7.33\slf4j-api-1.7.33.jar;D:\maven\maven-repository\jakarta\xml\bind\jakarta.xml.bind-api\2.3.3\jakarta.xml.bind-api-2.3.3.jar;D:\maven\maven-repository\jakarta\activation\jakarta.activation-api\1.2.2\jakarta.activation-api-1.2.2.jar;D:\maven\maven-repository\org\assertj\assertj-core\3.19.0\assertj-core-3.19.0.jar;D:\maven\maven-repository\org\hamcrest\hamcrest\2.2\hamcrest-2.2.jar;D:\maven\maven-repository\org\junit\jupiter\junit-jupiter\5.7.2\junit-jupiter-5.7.2.jar;D:\maven\maven-repository\org\junit\jupiter\junit-jupiter-api\5.7.2\junit-jupiter-api-5.7.2.jar;D:\maven\maven-repository\org\apiguardian\apiguardian-api\1.1.0\apiguardian-api-1.1.0.jar;D:\maven\maven-repository\org\opentest4j\opentest4j\1.2.0\opentest4j-1.2.0.jar;D:\maven\maven-repository\org\junit\platform\junit-platform-commons\1.7.2\junit-platform-commons-1.7.2.jar;D:\maven\maven-repository\org\junit\jupiter\junit-jupiter-params\5.7.2\junit-jupiter-params-5.7.2.jar;D:\maven\maven-repository\org\junit\jupiter\junit-jupiter-engine\5.7.2\junit-jupiter-engine-5.7.2.jar;D:\maven\maven-repository\org\junit\platform\junit-platform-engine\1.7.2\junit-platform-engine-1.7.2.jar;D:\maven\maven-repository\org\mockito\mockito-core\3.9.0\mockito-core-3.9.0.jar;D:\maven\maven-repository\net\bytebuddy\byte-buddy\1.10.22\byte-buddy-1.10.22.jar;D:\maven\maven-repository\net\bytebuddy\byte-buddy-agent\1.10.22\byte-buddy-agent-1.10.22.jar;D:\maven\maven-repository\org\objenesis\objenesis\3.2\objenesis-3.2.jar;D:\maven\maven-repository\org\mockito\mockito-junit-jupiter\3.9.0\mockito-junit-jupiter-3.9.0.jar;D:\maven\maven-repository\org\skyscreamer\jsonassert\1.5.0\jsonassert-1.5.0.jar;D:\maven\maven-repository\com\vaadin\external\google\android-json\0.0.20131108.vaadin1\android-json-0.0.20131108.vaadin1.jar;D:\maven\maven-repository\org\springframework\spring-core\5.3.15\spring-core-5.3.15.jar;D:\maven\maven-repository\org\springframework\spring-jcl\5.3.15\spring-jcl-5.3.15.jar;D:\maven\maven-repository\org\springframework\spring-test\5.3.15\spring-test-5.3.15.jar;D:\maven\maven-repository\org\xmlunit\xmlunit-core\2.8.4\xmlunit-core-2.8.4.jar;"/>
    <property name="sun.cpu.endian" value="little"/>
    <property name="user.home" value="C:\Users\lenovo"/>
    <property name="user.language" value="zh"/>
    <property name="java.specification.vendor" value="Oracle Corporation"/>
    <property name="java.home" value="D:\JAVA\jdk1.8\jre"/>
    <property name="basedir" value="F:\SpringBoot\demo"/>
    <property name="file.separator" value="\"/>
    <property name="line.separator" value="&#10;"/>
    <property name="java.vm.specification.vendor" value="Oracle Corporation"/>
    <property name="java.specification.name" value="Java Platform API Specification"/>
    <property name="java.awt.graphicsenv" value="sun.awt.Win32GraphicsEnvironment"/>
    <property name="surefire.real.class.path" value="C:\Users\lenovo\AppData\Local\Temp\surefire1014843306157338100\surefirebooter6252387611320544676.jar"/>
    <property name="sun.boot.class.path" value="D:\JAVA\jdk1.8\jre\lib\resources.jar;D:\JAVA\jdk1.8\jre\lib\rt.jar;D:\JAVA\jdk1.8\jre\lib\sunrsasign.jar;D:\JAVA\jdk1.8\jre\lib\jsse.jar;D:\JAVA\jdk1.8\jre\lib\jce.jar;D:\JAVA\jdk1.8\jre\lib\charsets.jar;D:\JAVA\jdk1.8\jre\lib\jfr.jar;D:\JAVA\jdk1.8\jre\classes"/>
    <property name="user.script" value=""/>
    <property name="sun.management.compiler" value="HotSpot 64-Bit Tiered Compilers"/>
    <property name="java.runtime.version" value="1.8.0_392-b08"/>
    <property name="user.name" value="lenovo"/>
    <property name="path.separator" value=";"/>
    <property name="os.version" value="10.0"/>
    <property name="java.endorsed.dirs" value="D:\JAVA\jdk1.8\jre\lib\endorsed"/>
    <property name="java.runtime.name" value="OpenJDK Runtime Environment"/>
    <property name="file.encoding" value="GBK"/>
    <property name="java.vm.name" value="OpenJDK 64-Bit Server VM"/>
    <property name="localRepository" value="D:\maven\maven-repository"/>
    <property name="java.vendor.url.bug" value="https://github.com/corretto/corretto-8/issues/"/>
    <property name="java.io.tmpdir" value="C:\Users\lenovo\AppData\Local\Temp\"/>
    <property name="idea.version" value="2022.1.2"/>
    <property name="java.version" value="1.8.0_392"/>
    <property name="user.dir" value="F:\SpringBoot\demo"/>
    <property name="os.arch" value="amd64"/>
    <property name="java.vm.specification.name" value="Java Virtual Machine Specification"/>
    <property name="java.awt.printerjob" value="sun.awt.windows.WPrinterJob"/>
    <property name="sun.os.patch.level" value=""/>
    <property name="java.library.path" value="D:\JAVA\jdk1.8\jre\bin;C:\WINDOWS\Sun\Java\bin;C:\WINDOWS\system32;C:\WINDOWS;D:\python\Scripts\;D:\python\;C:\Program Files (x86)\Common Files\Oracle\Java\javapath;C:\Program Files\Common Files\Oracle\Java\javapath;C:\Program Files\Microsoft MPI\Bin\;C:\Program Files (x86)\Intel\iCLS Client\;C:\Program Files\Intel\iCLS Client\;C:\Windows\system32;C:\Windows;C:\Windows\System32\Wbem;C:\Windows\System32\WindowsPowerShell\v1.0\;C:\Program Files (x86)\NVIDIA Corporation\PhysX\Common;C:\Program Files (x86)\Intel\Intel(R) Management Engine Components\DAL;C:\Program Files\Intel\Intel(R) Management Engine Components\DAL;C:\Program Files (x86)\Intel\Intel(R) Management Engine Components\IPT;C:\Program Files\Intel\Intel(R) Management Engine Components\IPT;C:\WINDOWS\system32;C:\WINDOWS;C:\WINDOWS\System32\Wbem;C:\WINDOWS\System32\WindowsPowerShell\v1.0\;C:\WINDOWS\System32\OpenSSH\;C:\Program Files (x86)\Microsoft SQL Server\140\Tools\Binn\;D:\SQL\140\Tools\Binn\;C:\Program Files (x86)\Microsoft SQL Server\140\DTS\Binn\;D:\SQL\140\DTS\Binn\;D:\SQL\Client SDK\ODBC\130\Tools\Binn\;D:\Tomcat\apache-tomcat-9.0.40\lib;D:\Tomcat\apache-tomcat-9.0.40\lib\servlet-api.jar;D:\Tomcat\apache-tomcat-9.0.40\lib\jsp-api.jar;&quot;D:\Tomcat\apache-tomcat-9.0.40\bin;&quot;;D:\Git\Git\cmd;D:\nodejs\nodejs\;D:\nodejs\node_global\node_modules;D:\nodejs\nodejs;D:\nodejs\nodejs\node_global;D:\nodejs\nodejs\node_modules\npm\bin;D:\java\jdk\bin;D:\maven\apache-maven-3.9.5\bin;D:\maven\apache-maven-3.9.5\bin;D:\python\python_3.9.2\Scripts\;D:\python\python_3.9.2\;C:\Users\lenovo\AppData\Local\Programs\Python\Python37-32\Scripts\;C:\Users\lenovo\AppData\Local\Programs\Python\Python37-32\;D:\python\Scripts\;D:\python\;D:\java\jdk;D:\python\pycharm\PyCharm Community Edition 2020.3.4\bin;C:\Users\lenovo\AppData\Local\Microsoft\WindowsApps;D:\PyCharm_Professional\PyCharm 2021.2\bin;D:\VSCode\Microsoft VS Code\bin;D:\FFmpeg\ffmpeg-5.0-full_build\bin;C:\Users\lenovo\AppData\Roaming\npm;D:\nodejs\node_global;D:\Brackets\;D:\Fiddler;D:\idea\idea\IntelliJ IDEA 2023.2.5\bin;;;."/>
    <property name="java.vm.info" value="mixed mode"/>
    <property name="java.vendor" value="Amazon.com Inc."/>
    <property name="java.vm.version" value="25.392-b08"/>
    <property name="java.specification.maintenance.version" value="5"/>
    <property name="java.ext.dirs" value="D:\JAVA\jdk1.8\jre\lib\ext;C:\WINDOWS\Sun\Java\lib\ext"/>
    <property name="sun.io.unicode.encoding" value="UnicodeLittle"/>
    <property name="java.class.version" value="52.0"/>
  </properties>
  <testcase name="contextLoads" classname="com.example.demo.DemoApplicationTests" time="0.239"/>
</testsuite>